Server started，，，，，，
140.115.139.172:9999
Client connected，，，，，，
98.0,-14.28,-5.88,-28.98,337.87,-1.03,-1.51,0.0,0.07062895,-0.29209262,9.835381,2966.0
98.0,-14.28,-5.88,-28.98,337.87,-1.03,-1.51,0.0,0.08499416,-0.2873042,9.864111,2966.0
99.0,-14.34,-5.82,-28.92,337.99,-1.07,-1.5,0.0,0.094570965,-0.2681506,9.864111,2966.0
100.0,-14.34,-5.82,-28.86,338.09,-1.09,-1.48,0.0,0.09935937,-0.2633622,9.854534,2966.0
100.0,-14.34,-5.82,-28.86,338.09,-1.09,-1.48,0.0,0.08499416,-0.272939,9.825804,2966.0
103.0,-14.34,-5.82,-28.74,338.28,-1.09,-1.35,0.0,0.07062895,-0.2873042,9.859323,2966.0
103.0,-14.34,-5.82,-28.74,338.28,-1.09,-1.35,0.0,0.061052144,-0.2825158,9.821015,2966.0
105.0,-14.4,-5.76,-28.68,338.38,-1.1,-1.45,0.0,0.10414778,-0.2681506,9.883265,2966.0
107.0,-14.46,-5.64,-28.5,338.6,-1.09,-1.47,0.0,0.08499416,-0.2777274,9.864111,2966.0
106.0,-14.46,-5.58,-28.5,338.66,-1.1,-1.49,0.0,0.09935937,-0.2681506,9.844957,2966.0
107.0,-14.52,-5.52,-28.44,338.89,-1.1,-1.42,0.0,0.04189853,-0.25378537,9.92636,2966.0
106.0,-14.58,-5.46,-28.38,339.18,-1.16,-1.66,0.0,0.051475335,-0.24420857,9.615114,2966.0
54.0,-14.52,-5.58,-28.26,25.9,-130.66,50.14,0.0,10.241198,9.351752,-8.207323,2966.0
85.0,-14.22,-6.36,-25.8,346.97,-97.47,0.91,0.0,-5.1678843,5.535394,-7.053318,2966.0
85.0,-14.22,-6.36,-25.8,346.97,-97.47,0.91,0.0,-10.535685,5.0134583,-6.2345014,2966.0
95.0,-16.14,-3.0,-9.0,321.9,-60.15,29.84,0.0,-2.0937295,7.7093296,-0.78529817,2966.0
115.0,-16.44,-3.3,-5.58,347.33,-79.83,-9.48,0.0,3.345897,8.863335,2.5570073,2966.0
115.0,-16.44,-3.3,-5.58,348.86,-79.1,-6.49,0.0,4.7058034,7.3549876,1.4413095,2966.0
64.0,-16.32,-4.68,-4.68,334.91,-46.29,89.41,0.0,8.349778,5.7987566,-0.6560113,2966.0
59.0,-16.5,-5.88,-3.6,336.17,-142.12,81.81,0.0,9.848549,6.1626754,0.33039984,2966.0
64.0,-16.62,-6.3,-1.32,330.62,-52.03,37.7,0.0,7.6985555,7.503428,4.5633483,2966.0
94.0,-16.5,-7.86,7.14,348.53,-97.53,2.19,0.0,1.3874398,9.495404,-0.47405192,2966.0
93.0,-16.86,-9.36,10.62,346.6,-97.53,3.0,0.0,1.1097125,9.543288,-0.56982,2966.0
93.0,-17.34,-9.36,10.02,346.83,-96.89,2.59,0.0,1.2916719,9.533711,-0.7374141,2966.0
100.0,-19.02,-9.12,9.66,346.84,-96.0,2.64,0.0,0.81761986,7.465121,-6.2728086,2966.0
117.0,-19.44,-9.96,8.82,343.27,-16.39,-9.95,0.0,-1.9500773,2.4899697,4.55856,2966.0
117.0,-19.5,-9.66,7.74,345.62,-15.39,-11.87,0.0,-0.6572084,-0.5650316,9.572019,2966.0
104.0,-19.56,-7.26,3.12,345.33,0.86,-0.47,0.0,0.2765303,-0.49799395,9.859323,2966.0
104.0,-19.56,-7.26,3.12,345.33,0.86,-0.47,0.0,0.31004912,-0.49320555,9.907207,2966.0
104.0,-19.92,-7.32,0.6,345.37,0.78,-0.59,0.0,0.32441434,-0.47884035,9.883265,2966.0
104.0,-20.1,-7.26,-1.8,345.64,0.58,-0.23,0.0,0.58298814,-0.641646,9.9550905,2966.0
104.0,-20.1,-7.26,-1.8,345.64,0.58,-0.23,0.0,-0.6476316,0.009576807,10.443508,2966.0
105.0,-20.1,-6.66,-3.66,348.18,1.68,-2.72,0.0,-0.073023155,-1.2545617,10.036493,2966.0
106.0,-19.92,-5.34,-7.14,348.67,1.2,-2.72,0.0,0.2621651,-0.7134721,9.959879,2966.0
106.0,-19.8,-4.62,-8.82,350.18,-0.14,-2.5,0.0,0.37229836,-0.08140286,9.792285,2966.0
106.0,-19.8,-4.62,-8.82,350.11,-0.59,-2.26,0.0,0.22385786,-0.40701428,9.840169,2966.0
105.0,-19.5,-3.12,-11.94,350.07,-0.79,-2.26,0.0,0.06584055,-0.320823,9.888053,2966.0
105.0,-19.02,-1.44,-14.76,350.12,-0.83,-2.21,0.0,0.075417355,-0.30166942,9.854534,2966.0
105.0,-19.02,-1.44,-14.76,350.18,-0.86,-2.11,0.0,0.075417355,-0.2873042,9.873688,2966.0
106.0,-18.54,0.3,-17.46,350.33,-0.9,-1.95,0.0,0.051475335,-0.2777274,9.854534,2966.0
106.0,-18.3,0.84,-17.28,350.39,-0.9,-1.9,0.0,0.08499416,-0.2825158,9.883265,2966.0
106.0,-18.18,0.96,-16.86,350.43,-0.93,-1.89,0.0,0.06584055,-0.2873042,9.844957,2966.0
106.0,-18.0,1.08,-16.5,350.5,-0.94,-1.83,0.0,0.051475335,-0.2777274,9.830592,2966.0
105.0,-17.88,1.2,-16.08,350.56,-0.96,-1.8,0.0,0.075417355,-0.32561144,9.911995,2966.0
105.0,-17.46,1.2,-15.3,350.66,-0.95,-1.7,0.0,0.061052144,-0.2825158,9.840169,2966.0
105.0,-17.34,1.14,-15.06,350.8,-0.96,-1.63,0.0,0.04189853,-0.320823,9.849746,2966.0
105.0,-17.04,1.02,-14.76,350.93,-0.93,-1.6,0.0,0.075417355,-0.31603462,9.873688,2966.0
105.0,-16.98,0.9,-14.7,351.03,-0.94,-1.59,0.0,0.061052144,-0.29209262,9.868899,2966.0
105.0,-16.98,0.9,-14.7,351.03,-0.94,-1.59,0.0,0.06584055,-0.31124622,9.892841,2966.0
105.0,-16.98,0.9,-14.7,351.08,-0.95,-1.56,0.0,0.05626374,-0.30166942,9.864111,2966.0
105.0,-17.04,0.78,-14.7,351.08,-0.95,-1.56,0.0,0.08499416,-0.30166942,9.878476,2966.0
105.0,-17.04,0.78,-14.7,351.14,-0.96,-1.61,0.0,0.061052144,-0.30166942,9.840169,2966.0
105.0,-17.1,0.48,-14.76,351.39,-0.98,-1.49,0.0,0.09935937,-0.29688102,9.849746,2966.0
105.0,-17.16,0.36,-14.76,351.49,-0.97,-1.48,0.0,0.09935937,-0.30645782,9.825804,2966.0
105.0,-17.16,0.36,-14.76,351.49,-0.97,-1.48,0.0,0.08020575,-0.29688102,9.892841,2966.0
105.0,-17.22,0.24,-14.76,351.51,-0.98,-1.5,0.0,0.09935937,-0.30645782,9.801862,2966.0
105.0,-17.22,0.24,-14.76,351.59,-0.98,-1.56,0.0,0.06584055,-0.272939,9.840169,2966.0
105.0,-17.28,0.18,-14.76,351.63,-0.96,-1.56,0.0,0.051475335,-0.2825158,9.878476,2966.0
105.0,-17.28,0.18,-14.82,351.63,-0.96,-1.56,0.0,0.09935937,-0.2873042,9.844957,2966.0
105.0,-17.28,0.12,-14.82,351.73,-0.96,-1.6,0.0,0.08499416,-0.272939,9.89763,2966.0
105.0,-17.34,0.12,-14.82,351.87,-0.98,-1.5,0.0,0.075417355,-0.272939,9.840169,2966.0
105.0,-17.34,0.18,-14.94,352.03,-0.95,-1.53,0.0,0.061052144,-0.29209262,9.859323,2966.0
105.0,-17.34,0.24,-15.0,352.09,-0.96,-1.58,0.0,0.075417355,-0.272939,9.830592,2966.0
106.0,-17.34,0.24,-15.06,352.18,-0.95,-1.53,0.0,0.075417355,-0.272939,9.888053,2966.0
105.0,-17.34,0.3,-15.06,352.28,-0.96,-1.48,0.0,0.07062895,-0.30645782,9.864111,2966.0
105.0,-17.34,0.3,-15.18,352.4,-0.94,-1.43,0.0,0.08020575,-0.29688102,9.883265,2966.0
104.0,-17.4,0.3,-15.24,352.48,-0.94,-1.49,0.0,0.075417355,-0.272939,9.835381,2966.0
105.0,-17.46,0.3,-15.24,352.57,-0.95,-1.54,0.0,0.094570965,-0.2873042,9.835381,2966.0
104.0,-17.46,0.36,-15.24,352.6,-0.96,-1.58,0.0,0.08020575,-0.29209262,9.883265,2966.0
105.0,-17.52,0.36,-15.3,352.66,-0.97,-1.57,0.0,0.07062895,-0.30645782,9.888053,2966.0
104.0,-17.58,0.6,-15.3,352.76,-0.97,-1.54,0.0,0.094570965,-0.30645782,9.911995,2966.0
104.0,-17.58,0.66,-15.3,352.81,-0.97,-1.6,0.0,0.05626374,-0.31603462,9.878476,2966.0
104.0,-17.64,0.72,-15.3,352.82,-0.94,-1.7,0.0,0.08020575,-0.30645782,9.868899,2966.0
105.0,-17.64,0.78,-15.3,352.85,-0.93,-1.71,0.0,0.07062895,-0.29688102,9.892841,2966.0
104.0,-17.64,0.84,-15.3,352.88,-0.94,-1.75,0.0,0.06584055,-0.2681506,9.80665,2966.0
104.0,-17.64,0.84,-15.3,352.9,-0.94,-1.79,0.0,0.089782566,-0.30166942,9.868899,2966.0
104.0,-17.64,0.9,-15.3,352.91,-0.95,-1.8,0.0,0.075417355,-0.2873042,9.844957,2966.0
105.0,-17.64,0.96,-15.24,352.95,-0.93,-1.83,0.0,0.089782566,-0.31603462,9.849746,2966.0
104.0,-17.64,1.02,-15.18,353.03,-0.92,-1.79,0.0,0.089782566,-0.2873042,9.883265,2966.0
104.0,-17.64,1.02,-15.0,353.06,-0.92,-1.82,0.0,0.046686932,-0.2777274,9.835381,2966.0
104.0,-17.64,1.02,-15.0,353.1,-0.93,-1.79,0.0,0.037110128,-0.29688102,9.931149,2966.0
104.0,-17.64,0.96,-14.94,353.12,-0.93,-1.81,0.0,0.07062895,-0.31603462,9.888053,2966.0
104.0,-17.58,0.96,-14.88,353.16,-0.93,-1.81,0.0,0.075417355,-0.272939,9.864111,2966.0
104.0,-17.58,0.84,-14.76,353.2,-0.95,-1.76,0.0,0.05626374,-0.2825158,9.883265,2966.0
104.0,-17.58,0.72,-14.52,353.35,-0.94,-1.68,0.0,0.07062895,-0.29209262,9.902418,2966.0
104.0,-17.52,0.48,-14.28,353.7,-0.95,-1.69,0.0,0.061052144,-0.31124622,9.902418,2966.0
105.0,-17.52,0.48,-14.28,353.7,-0.95,-1.69,0.0,0.07062895,-0.2873042,9.801862,2966.0
107.0,-17.52,0.48,-14.34,5.11,1.85,-3.0,0.0,-1.4616601,-1.7046716,8.604761,2966.0
111.0,-15.96,-1.08,-14.76,70.1,-1.48,-0.67,0.0,0.34835634,0.20111294,9.868899,2966.0
109.0,-14.58,-1.86,-14.82,70.4,-3.15,-0.26,0.0,0.33399114,0.35434186,9.840169,2966.0
108.0,-11.82,-3.42,-14.88,70.36,-3.44,-0.27,0.0,0.33399114,0.35434186,9.844957,2966.0
108.0,-11.82,-3.42,-14.88,70.43,-3.57,-0.24,0.0,0.32920274,0.34955344,9.878476,2966.0
108.0,-10.44,-4.2,-14.94,70.43,-3.57,-0.24,0.0,0.35314476,0.320823,9.921572,2966.0
108.0,-10.44,-4.2,-14.94,70.35,-3.59,-0.35,0.0,0.35314476,0.34476504,9.801862,2966.0
108.0,-9.06,-4.98,-15.0,69.83,-4.26,-0.19,0.0,0.1376666,0.9768343,9.782708,2966.0
106.0,-7.68,-5.82,-15.0,66.6,-5.99,0.51,0.0,-0.60453594,1.2497733,10.309433,2966.0
108.0,-6.3,-6.6,-15.0,66.6,-5.99,0.51,0.0,-1.1264719,-0.545878,13.814544,2966.0
95.0,-4.92,-7.44,-14.94,31.65,-22.59,1.94,0.0,7.0904284,6.6079965,3.241749,2966.0
111.0,-3.9,-9.66,-14.46,359.18,-24.99,3.75,0.0,-0.7194576,1.7669208,9.821015,2966.0
134.0,-6.0,-10.38,-13.92,0.56,-37.81,-13.09,0.0,-1.1360487,1.3359646,7.1586633,2966.0
115.0,-17.34,-6.24,-18.12,333.14,-137.18,67.47,0.0,-1.8447324,1.2066777,8.461109,2966.0
121.0,-17.22,-5.94,-18.42,338.35,-149.87,51.22,0.0,-4.080917,1.9153614,1.1300632,2966.0
105.0,-17.16,-5.7,-18.72,228.26,179.35,48.81,0.0,-2.337938,10.079589,-3.1507695,2966.0
95.0,-16.98,-5.58,-19.02,132.68,143.81,55.67,0.0,-1.79206,8.920795,3.4811692,2966.0
95.0,-16.98,-5.58,-19.02,132.68,143.81,55.67,0.0,-2.7018566,9.232041,-0.93373865,2966.0
93.0,-16.5,-7.26,-16.2,133.87,131.65,68.12,0.0,-1.8543092,8.983045,-1.1492168,2966.0
97.0,-16.32,-8.16,-14.52,130.41,124.49,33.46,0.0,-2.9173348,8.039729,-5.2959743,2966.0
97.0,-16.32,-8.16,-14.52,133.33,121.8,31.29,0.0,-2.5486276,0.23463176,-3.4237084,2966.0
105.0,-16.2,-9.0,-12.84,143.16,144.43,39.27,0.0,-2.457648,-0.6512229,15.543158,2966.0
111.0,-15.9,-10.14,-10.98,312.79,-169.49,26.61,0.0,-0.16400282,0.79966336,9.816227,2966.0
105.0,-15.9,-9.48,-10.8,1.48,-165.04,14.3,0.0,0.48243165,-0.34955344,9.873688,2966.0
107.0,-16.02,-8.94,-10.56,287.22,-172.38,5.62,0.0,0.16639702,-0.37349546,9.840169,2966.0
116.0,-16.38,-7.68,-9.96,265.6,-176.86,4.19,0.0,-0.91099375,-1.7525556,11.180922,2966.0
143.0,-15.78,-9.18,-9.06,232.62,-179.74,17.62,0.0,0.51595044,3.1651347,21.552603,2966.0
139.0,-14.88,-8.7,-12.24,195.01,169.94,17.57,0.0,-2.4768016,2.930503,3.9552212,2966.0
141.0,-14.88,-8.7,-12.24,118.86,158.75,29.64,0.0,-4.5406036,4.074931,0.90021986,2966.0
146.0,-13.5,-7.5,-17.76,212.13,171.6,18.06,0.0,-3.9995139,0.60812724,14.15452,2966.0
139.0,-12.6,-8.82,-18.24,105.18,160.34,20.27,0.0,0.51595044,4.237737,3.9504328,2966.0
139.0,-12.6,-8.82,-18.24,110.25,141.4,26.53,0.0,-2.1703439,4.984728,2.4708161,2966.0
142.0,-11.94,-9.84,-18.54,114.72,134.84,35.57,0.0,-2.4384944,3.4859576,0.31124622,2966.0
142.0,-11.94,-9.84,-18.54,114.72,134.84,35.57,0.0,-0.8439561,-4.261679,-1.6567876,2966.0
120.0,-11.34,-10.98,-18.78,95.79,145.56,22.58,0.0,0.037110128,1.6424223,12.0571995,2966.0
126.0,-10.26,-13.5,-18.78,164.35,166.99,17.28,0.0,-0.09696517,0.6895301,7.2209125,2966.0
121.0,-9.72,-14.7,-18.84,126.23,164.44,12.63,0.0,0.8367735,-0.79966336,10.204087,2966.0
121.0,-9.72,-14.7,-18.84,210.82,175.6,7.6,0.0,1.8902222,-0.8762778,12.430696,2966.0
80.0,-8.34,-16.86,-19.56,201.28,-173.44,-4.96,0.0,1.3634979,0.7134721,3.5290532,2966.0
108.0,-8.94,-15.36,-20.34,187.96,-166.0,-2.45,0.0,0.79367787,1.0151415,15.069105,2966.0
113.0,-9.78,-14.16,-20.28,266.39,-179.3,4.99,0.0,-0.039504327,-0.6991069,7.0102224,2966.0
99.0,-10.68,-12.96,-20.34,277.84,175.94,-0.5,0.0,0.90381116,-2.6767175,4.960786,2966.0
99.0,-10.68,-12.96,-20.34,277.84,175.94,-0.5,0.0,0.47285482,-6.5936313,17.295713,2966.0
80.0,-13.2,-9.72,-20.4,147.47,-164.63,-8.44,0.0,1.7369933,-2.8443117,9.476251,2966.0
100.0,-14.7,-7.38,-20.76,189.93,-168.91,-6.53,0.0,-2.8790276,-4.841076,4.2281604,2966.0
100.0,-14.7,-7.38,-20.76,155.3,-166.1,-3.26,0.0,0.52073884,-1.9536686,16.429012,2966.0
112.0,-16.2,-4.74,-21.66,236.64,177.99,1.02,0.0,-0.25498247,-1.8100165,5.1666875,2966.0
106.0,-16.74,-3.96,-21.84,236.64,177.99,1.02,0.0,-2.48159,-3.7014358,1.316811,2966.0
108.0,-17.22,-3.3,-22.08,35.89,-156.32,-0.65,0.0,2.9628246,-1.7669208,11.597513,2978.0
110.0,-15.0,-4.02,-23.04,38.54,-148.34,1.37,0.0,0.90859956,-2.5234885,13.517663,2980.0
117.0,-11.64,-6.42,-23.94,209.92,176.25,-2.19,0.0,0.25737667,-0.6607997,9.591172,2980.0
117.0,-9.3,-8.1,-24.48,100.75,167.61,5.23,0.0,2.8335378,1.3120226,11.693281,2980.0
110.0,-7.5,-9.42,-24.48,319.64,161.6,-12.88,0.0,3.3315318,2.1883004,5.875371,2981.0
101.0,-5.94,-10.5,-24.42,302.24,159.91,-26.63,0.0,5.175067,1.460463,7.0485296,2982.0
164.0,-2.1,-13.74,-23.64,259.74,163.59,-22.23,0.0,2.670732,0.8331822,8.532935,2982.0
166.0,1.2,-15.36,-23.7,166.51,171.61,-35.02,0.0,6.1566896,0.842759,11.51611,2984.0
169.0,3.12,-16.2,-23.64,211.15,166.69,-27.28,0.0,4.404134,0.30645782,6.742072,2984.0
183.0,3.9,-16.56,-23.7,211.15,166.69,-27.28,0.0,5.3235073,-0.48362875,10.94629,2985.0
183.0,3.9,-16.56,-23.7,160.18,171.61,-26.31,0.0,5.519832,-1.7956513,10.802638,2985.0
196.0,7.2,-17.28,-25.08,126.4,-178.96,-25.74,0.0,4.0976763,0.58897364,8.983045,2986.0
193.0,7.86,-16.92,-25.68,141.74,173.65,-17.95,0.0,3.0969,0.40222588,8.51857,2986.0
192.0,8.28,-15.48,-27.24,122.06,-178.55,-21.46,0.0,5.222951,1.5514427,9.11712,2986.0
190.0,8.76,-14.58,-28.2,130.27,176.16,-23.43,0.0,4.260482,-0.1388637,8.7053175,2986.0
180.0,9.36,-13.62,-29.16,136.22,175.08,-23.55,0.0,4.3754034,0.18195933,8.6574335,2986.0
178.0,9.96,-12.72,-30.12,153.18,172.99,-22.76,0.0,4.811148,1.8483237,6.9527617,2986.0
181.0,10.5,-11.88,-30.84,137.91,179.03,-36.2,0.0,7.1909847,0.14844051,7.560889,2986.0
175.0,10.62,-10.14,-32.58,80.43,-169.2,-51.68,0.0,10.614694,-4.122815,9.404425,2986.0
94.0,9.9,-9.24,-33.48,104.93,-161.76,-77.8,0.0,9.42238,-3.5242648,3.145981,2986.0
45.0,8.22,-8.04,-33.96,134.88,-164.95,-87.22,0.0,9.628283,-3.9121256,-0.9816227,2986.0
40.0,6.24,-7.38,-33.96,160.32,-12.29,-89.81,0.0,7.1047935,-3.2848446,0.34955344,2986.0
26.0,-0.84,-7.74,-29.46,129.77,-49.43,-73.7,0.0,12.764687,-2.6910827,-0.38307226,2986.0
33.0,-6.0,-7.2,-26.16,178.09,-20.79,-80.49,0.0,13.540408,-6.3589997,2.566584,2986.0
42.0,-8.76,-6.06,-24.06,178.09,-20.79,-80.49,0.0,9.853337,-5.9184666,3.41892,2986.0
42.0,-8.76,-6.06,-24.06,186.74,7.4,-87.51,0.0,7.621941,-4.7405195,2.9592333,2986.0
96.0,-14.82,-7.5,-17.52,149.28,-141.49,-78.74,0.0,12.99453,-1.3072342,5.473145,2986.0
33.0,-16.56,-8.1,-15.96,149.28,-141.49,-78.74,0.0,10.796653,-0.02873042,5.971139,2986.0
94.0,-21.18,-6.3,-12.66,152.92,-170.56,-69.93,0.0,3.9492357,-2.4756045,2.6288335,2986.0
140.0,-23.28,-5.16,-10.92,334.07,144.06,-14.46,0.0,1.8471266,1.2354081,3.347094,2986.0
135.0,-23.1,-7.8,-7.8,324.57,141.79,-20.54,0.0,2.895787,6.3111157,5.434838,2986.0
85.0,-19.8,-10.14,-5.88,322.88,146.1,-9.47,0.0,9.408015,8.63828,10.127473,2986.0
77.0,-17.88,-10.8,-6.3,244.9,128.53,-67.84,0.0,2.268506,0.15322891,-0.30166942,2986.0
63.0,-15.96,-11.4,-6.66,252.47,59.52,-30.09,0.0,2.8335378,-5.094861,0.89064306,2986.0
48.0,-13.98,-12.42,-6.12,215.99,27.86,-82.04,0.0,32.239124,-19.603724,4.951209,2986.0
15.0,-11.64,-14.16,-5.04,186.66,-24.62,-79.9,0.0,8.249222,-5.693412,0.33518824,2986.0
51.0,-10.44,-16.14,-4.62,140.0,-109.93,-19.75,0.0,13.071144,-0.92416185,-1.163582,2986.0
41.0,-10.5,-14.94,-4.68,141.23,-125.57,-35.57,0.0,14.186842,-9.275137,-0.33039984,2986.0
20.0,-11.82,-9.72,-5.04,186.11,10.56,-79.98,0.0,4.346673,-6.3063273,-0.94810385,2986.0
16.0,-14.04,-0.6,-4.98,353.41,-150.95,-78.57,0.0,9.178172,-6.564901,1.3311762,2993.0
16.0,-14.04,-0.6,-4.98,355.6,-174.54,-80.92,0.0,6.429629,-5.6551046,0.30166942,2993.0
9.0,-14.4,3.24,-4.74,357.32,-170.12,-82.11,0.0,8.536526,-7.2304893,1.3790601,2993.0
7.0,-15.72,6.48,-4.14,350.66,-142.84,-84.64,0.0,8.742428,-4.414908,-3.2752678,2994.0
14.0,-17.28,9.78,-4.44,337.29,-47.18,-88.81,0.0,12.601881,-2.743755,0.9576807,2994.0
8.0,-18.36,16.62,-5.7,325.15,-43.05,-81.16,0.0,12.434286,-8.446744,1.0726024,2994.0
26.0,-16.08,18.12,-5.46,5.25,-15.93,-84.83,0.0,10.121488,-7.431602,0.8714894,2994.0
69.0,-13.8,19.44,-4.5,7.15,-165.6,-89.3,0.0,11.299435,-5.8226986,-2.5378537,2994.0
38.0,-13.5,20.52,-4.08,329.48,-116.14,-26.06,0.0,14.143746,-0.2825158,-3.2561142,2995.0
35.0,-12.84,30.24,-3.9,339.45,-119.15,-28.48,0.0,14.747086,-10.01734,1.2401965,2996.0
116.0,-10.68,31.86,-3.84,20.86,179.32,-80.39,0.0,5.3761797,-7.398083,-2.9975405,2996.0
140.0,-10.68,31.74,-3.84,4.05,-169.0,-82.32,0.0,13.334506,-2.6192567,2.1547816,2997.0
32.0,-13.74,28.38,-4.74,325.9,-38.2,-79.89,0.0,13.095086,-0.7230489,0.047884032,2997.0
128.0,-14.76,23.1,-2.16,17.71,175.02,-77.62,0.0,5.9507885,-0.59855044,0.92416185,2997.0
113.0,-13.98,23.64,-1.86,8.87,28.88,-73.97,0.0,5.577293,-1.6424223,0.4213795,2997.0
45.0,-15.6,21.84,-1.68,347.0,4.95,-74.1,0.0,9.652225,-0.51714754,-2.336741,2999.0
45.0,-15.6,21.84,-1.68,342.32,-9.17,-83.5,0.0,11.88362,2.9017725,-3.3566709,2999.0
37.0,-17.1,20.76,-1.5,355.91,7.38,-77.37,0.0,10.068815,2.4612393,1.8435353,3000.0
47.0,-18.66,19.2,0.3,41.39,147.09,-63.73,0.0,9.872491,3.2752678,4.936844,3000.0
50.0,-19.44,15.48,3.18,39.84,165.16,-44.72,0.0,7.1766195,-2.231396,7.091625,3001.0
49.0,-24.0,8.88,5.7,204.6,-165.53,-37.83,0.0,6.6642604,-1.7190368,8.183381,3002.0
47.0,-24.18,8.16,6.78,251.0,-171.76,-38.03,0.0,7.2819643,0.6799533,7.2448545,3002.0
45.0,-24.42,7.38,7.8,14.03,160.21,-38.79,0.0,5.8885393,0.8283938,8.619126,3002.0
70.0,-27.66,0.96,7.62,66.3,145.52,-11.74,0.0,-0.33638534,4.6686935,9.361329,3002.0
101.0,-26.88,-4.08,3.84,79.47,130.69,-3.46,0.0,1.1480197,6.943185,3.643975,3003.0
104.0,-27.06,-6.06,2.1,92.01,131.08,1.46,0.0,-0.9684546,7.1826053,6.397307,3004.0
116.0,-26.7,-10.5,-2.82,117.12,123.17,17.96,0.0,-2.328361,7.9726915,3.9743748,3004.0
117.0,-25.32,-11.94,-4.86,122.08,123.24,20.05,0.0,-1.8590976,6.469133,6.9144545,3004.0
117.0,-25.32,-11.94,-4.86,106.81,133.3,18.55,0.0,-3.870227,3.4045548,8.446744,3004.0
141.0,-24.54,-12.84,-5.7,108.23,157.11,17.39,0.0,-0.80086046,2.552219,10.01734,3004.0
129.0,-23.64,-13.74,-6.54,229.29,172.33,16.21,0.0,-1.6915035,0.22984336,11.008539,3004.0
113.0,-20.7,-14.64,-9.66,232.32,179.22,10.67,0.0,-0.08738836,0.3878607,8.441956,3004.0
104.0,-18.0,-14.16,-12.0,248.11,174.01,-0.25,0.0,0.41060558,0.5506664,9.725247,3004.0
104.0,-17.7,-13.62,-12.12,219.11,174.05,0.02,0.0,0.41060558,0.5650316,9.840169,3004.0
104.0,-17.22,-11.16,-12.18,225.81,174.16,0.0,0.0,0.4345476,0.5267244,9.80665,3004.0
103.0,-18.3,-7.98,-11.46,235.34,174.28,0.13,0.0,0.41060558,0.5315128,9.844957,3004.0
103.0,-19.5,-7.74,-9.78,236.15,174.2,0.21,0.0,0.38187516,0.5602432,9.835381,3004.0
103.0,-20.22,-7.92,-8.76,265.99,174.17,-0.66,0.0,0.39145198,0.50278234,9.868899,3004.0
103.0,-20.16,-8.04,-8.64,266.41,174.04,-2.29,0.0,0.40102878,0.5554548,9.840169,3004.0
90.0,-18.24,-10.26,-9.0,76.48,108.2,6.52,0.0,1.1480197,6.277597,-1.3120226,3004.0
79.0,-18.18,-11.46,-8.82,123.02,64.46,23.68,0.0,-7.777564,4.572925,-5.6551046,3004.0
73.0,-15.42,-17.76,0.6,63.5,108.57,-2.85,0.0,1.6938977,8.925584,4.256891,3004.0
73.0,-15.12,-19.74,3.6,43.27,114.8,-7.73,0.0,1.4401124,8.461109,2.030283,3004.0
72.0,-15.48,-22.68,8.64,24.22,112.6,-7.32,0.0,1.7513585,8.868123,4.6160207,3004.0
125.0,-16.74,-26.16,11.4,181.73,172.34,17.9,0.0,-2.36188,0.2777274,9.68694,3004.0
128.0,-4.74,-21.12,-0.18,192.39,-177.25,16.83,0.0,-2.5677812,-0.89543146,9.380483,3004.0
119.0,15.96,-9.24,1.56,109.22,-178.29,10.79,0.0,-0.9684546,-0.7230489,9.093178,3004.0
118.0,22.32,-5.64,4.08,99.35,-179.55,8.67,0.0,-0.8343793,-0.63206923,9.749189,3004.0
116.0,34.08,-2.7,8.46,92.8,179.93,6.72,0.0,-0.44651863,-0.7134721,9.696517,3004.0
85.0,53.88,1.92,13.86,183.88,164.59,-13.15,0.0,6.491878,0.19153613,1.067814,3004.0
61.0,53.88,1.92,13.86,199.14,142.76,-39.79,0.0,1.2198458,3.4763808,2.7581203,3004.0
81.0,63.48,9.36,5.7,127.27,170.79,-31.14,0.0,8.182184,0.59855044,9.557653,3004.0
62.0,55.92,8.34,12.96,88.94,-178.57,-20.34,0.0,-1.9357121,-9.021352,10.218452,3004.0
81.0,44.4,2.76,12.78,298.49,-152.77,-2.47,0.0,3.1974564,-2.0829554,4.3478703,3004.0
123.0,19.68,-2.88,1.5,290.38,-119.27,-4.26,0.0,1.4065934,-6.5218053,7.3549876,3004.0
114.0,13.26,-3.66,-2.82,227.75,144.5,-16.16,0.0,1.6124948,2.327164,9.734824,3004.0
94.0,2.58,-3.12,-9.6,163.33,166.9,-7.59,0.0,4.4807487,3.0023289,8.825027,3004.0
90.0,-2.76,-3.0,-12.72,161.04,167.93,-6.99,0.0,1.5310919,1.9919758,9.251195,3004.0
90.0,-2.76,-3.0,-12.72,138.41,170.02,-6.73,0.0,0.58777654,1.2785037,10.28549,3004.0
90.0,-12.36,-7.14,-14.94,115.04,172.68,-6.07,0.0,1.9524715,1.4173675,9.136273,3004.0
80.0,-14.1,-14.04,-12.0,231.76,135.28,-20.61,0.0,-1.7202339,-0.3878607,-1.0630256,3004.0
74.0,-14.16,-13.92,-12.54,144.05,168.95,-10.84,0.0,1.7130513,0.94331545,9.940725,3004.0
69.0,-13.98,-13.98,-13.56,165.1,167.14,-24.19,0.0,7.382521,1.5801731,7.9966335,3004.0
62.0,-14.22,-14.34,-13.08,137.42,168.07,-51.91,0.0,8.977059,1.1971009,3.7684734,3004.0
66.0,-14.04,-15.84,-12.72,96.98,166.31,-69.07,0.0,6.659472,-4.31914,4.5202527,3004.0
93.0,-13.56,-17.76,-12.42,53.99,174.4,-67.66,0.0,8.009802,-4.630386,-2.4037786,3004.0
80.0,-13.14,-19.86,-12.12,21.56,3.77,-89.02,0.0,16.662447,-8.350976,1.1923125,3004.0
34.0,-14.7,-20.52,-10.44,346.59,-22.98,-55.46,0.0,15.925033,-5.2768207,-2.8538885,3004.0
41.0,-15.9,-18.78,-10.02,356.62,-2.38,-67.03,0.0,7.0664864,-4.4101195,-2.2936451,3004.0
52.0,-17.1,-17.46,-9.6,31.65,31.51,-67.89,0.0,6.0082493,-6.7229185,-3.6822822,3004.0
43.0,-17.34,-17.4,-9.36,24.31,-10.07,-62.77,0.0,14.919468,-8.99741,-3.5817258,3004.0
47.0,-16.38,-18.36,-8.34,351.28,-46.33,-40.55,0.0,9.321824,-3.9264908,-5.717354,3004.0
43.0,-15.9,-14.1,-6.18,355.98,-58.57,-20.75,0.0,19.755754,-12.5743475,-2.1212628,3004.0
51.0,-16.74,-10.38,-3.54,37.46,-12.48,-49.05,0.0,6.7839704,-7.61835,-0.4357447,3004.0
51.0,-16.74,-10.38,-3.54,49.4,14.83,-65.23,0.0,2.790442,-7.9343843,-2.657564,3004.0
40.0,-15.6,-11.28,-1.08,62.21,-25.87,-80.07,0.0,20.27769,-0.59855044,-8.374918,3004.0
63.0,-14.76,-11.76,-0.06,323.76,-121.63,27.05,0.0,18.295292,3.3566709,-3.8402996,3004.0
74.0,-15.0,-10.68,1.74,16.11,-104.96,3.25,0.0,39.225403,-22.050598,0.1340753,3004.0
37.0,-14.7,-7.98,3.96,16.11,-104.96,3.25,0.0,20.876242,-30.899567,5.6359506,3004.0
101.0,-11.34,-7.26,9.84,79.83,-131.35,-20.36,0.0,11.457452,1.0103531,-5.544971,3004.0
108.0,-10.26,-6.9,11.82,53.87,-129.42,1.85,0.0,24.663868,-4.3478703,2.681506,3004.0
70.0,-7.56,-0.12,15.0,129.15,-173.56,-61.38,0.0,-2.4241292,-12.483368,-1.6424223,3010.0
68.0,-7.56,2.76,17.04,80.78,-168.63,-57.22,0.0,13.348871,-20.144814,-0.9959879,3010.0
39.0,-7.14,2.64,18.06,43.9,-113.75,-1.5,0.0,19.870678,-6.435614,-3.3327289,3011.0
80.0,-6.54,1.14,19.38,16.03,-138.57,32.12,0.0,11.543644,3.7588966,-2.27928,3011.0
49.0,-6.72,0.12,22.56,179.34,-146.02,-64.49,0.0,-4.3873744,-16.414646,-3.1124623,3012.0
30.0,-7.44,1.2,24.12,292.45,168.61,-48.47,0.0,28.001387,-29.041666,-3.0597897,3013.0
57.0,-7.92,1.92,25.26,208.43,-116.29,-6.6,0.0,7.827842,4.3239284,-5.683835,3013.0
38.0,-6.24,2.58,26.34,172.99,-126.94,-10.12,0.0,-2.9364884,-17.041927,-4.1276035,3014.0
38.0,-6.24,2.58,26.34,299.06,159.65,-50.18,0.0,1.8088194,-15.35641,-2.3127987,3014.0
36.0,-6.18,3.48,26.7,225.53,-156.97,-58.2,0.0,24.022223,-14.580688,-3.0885203,3015.0
68.0,-6.6,2.28,27.42,181.48,-139.66,8.13,0.0,23.39973,-10.065224,-2.4660277,3016.0
68.0,-6.6,2.28,27.42,199.51,-130.67,-37.77,0.0,25.803509,-20.403387,-7.8912888,3016.0
32.0,-6.54,2.34,27.78,199.51,-130.67,-37.77,0.0,13.1238165,-16.371552,-4.343082,3016.0
32.0,-6.54,2.34,27.78,203.97,-171.06,-52.64,0.0,-1.7202339,-12.607866,-2.9735985,3016.0
42.0,-6.12,2.46,27.9,269.6,169.45,-36.96,0.0,22.782026,-20.781672,-5.2720323,3016.0
27.0,-6.36,1.62,29.46,234.14,-167.9,-48.02,0.0,24.285585,-14.686033,-1.7190368,3017.0
27.0,-6.36,1.62,29.46,234.14,-167.9,-48.02,0.0,12.45344,-2.5187001,-7.551312,3017.0
76.0,-6.0,0.78,29.22,224.07,-139.69,-16.21,0.0,10.576386,-1.3024458,-2.834735,3017.0
76.0,-6.0,0.78,29.22,206.02,-151.34,-5.69,0.0,20.598515,-11.109096,-2.0207062,3018.0
39.0,-6.42,1.08,28.98,201.51,-170.19,-48.69,0.0,12.659342,-15.667656,-4.036624,3018.0
39.0,-6.42,2.16,29.16,245.1,178.89,-33.51,0.0,22.413319,-20.863073,-4.414908,3018.0
22.0,-6.48,2.34,28.98,230.36,-157.01,-32.19,0.0,12.51569,-1.757344,-6.7372837,3019.0
78.0,-6.54,2.04,28.68,308.73,-166.71,-13.41,0.0,9.15423,-0.37828386,-2.27928,3019.0
73.0,-6.6,1.74,28.5,194.27,-154.17,-28.38,0.0,26.478674,-16.79293,-3.7445314,3020.0
25.0,-4.8,3.72,27.66,145.06,-164.71,-46.02,0.0,2.445677,-10.697293,-2.432509,3020.0
29.0,-4.98,4.02,27.72,191.67,-155.13,-34.0,0.0,17.749414,-9.816227,-5.1762643,3021.0
81.0,-5.64,1.62,27.48,242.98,-162.43,-8.91,0.0,10.710462,-2.9879637,-3.7541082,3021.0
21.0,-5.4,2.16,26.58,186.14,-153.54,-31.21,0.0,20.359095,-18.871098,-5.602432,3022.0
21.0,-5.4,2.16,26.58,153.63,-167.74,-43.36,0.0,9.532514,-13.378799,-3.8115692,3022.0
23.0,-4.32,3.84,25.98,239.73,-155.1,-31.48,0.0,12.065579,-3.2848446,-7.311892,3023.0
80.0,-5.46,1.14,25.98,350.7,-171.68,-19.81,0.0,8.230068,-1.5897499,-3.4620156,3023.0
71.0,-5.88,1.02,26.1,214.55,-158.92,-29.88,0.0,26.861746,-14.705187,-5.81791,3024.0
22.0,-4.56,2.64,25.5,213.33,-168.96,-45.49,0.0,16.552313,-14.188039,-3.763685,3024.0
22.0,-4.56,2.64,25.5,213.33,-168.96,-45.49,0.0,5.2804117,-8.66701,-3.739743,3024.0
42.0,-3.72,5.28,25.74,180.51,-156.24,-36.41,0.0,22.911314,-15.648502,-4.1706996,3025.0
46.0,-4.38,3.0,25.38,180.51,-156.24,-36.41,0.0,14.076709,-6.157887,-5.3678,3025.0
71.0,-5.7,0.18,25.32,208.73,-135.11,-18.29,0.0,9.321824,-1.8579005,-1.1109096,3025.0
56.0,-6.18,-0.18,25.56,196.82,-140.55,-37.93,0.0,19.272127,-11.899182,-2.2409728,3026.0
27.0,-5.22,1.44,25.68,226.62,-170.86,-46.16,0.0,4.6579194,-10.251971,-0.24420857,3026.0
43.0,-4.68,3.6,26.04,298.27,169.38,-35.48,0.0,4.140772,-10.534488,-1.340753,3026.0
34.0,-6.06,2.52,25.68,209.83,-140.42,-41.3,0.0,8.392874,-4.4723687,-0.7278373,3027.0
51.0,-8.76,-0.3,26.22,218.78,-144.19,-64.43,0.0,16.178818,-13.790602,-2.0973208,3028.0
52.0,-8.7,1.38,26.82,254.52,-174.17,-56.7,0.0,13.166912,-7.4842744,-6.090849,3029.0
59.0,-10.44,-1.08,26.94,223.82,-121.38,-29.21,0.0,10.911574,-4.9416323,-1.70946,3029.0
25.0,-10.02,0.48,27.42,227.29,-163.58,-73.49,0.0,4.035427,-7.9248075,-1.6136919,3030.0
58.0,-12.24,-0.3,27.36,219.85,-116.49,-26.32,0.0,7.8422074,-3.4045548,-1.9680338,3031.0
58.0,-12.24,-0.3,27.36,219.85,-116.49,-26.32,0.0,13.14297,-6.679823,-1.8195933,3031.0
41.0,-10.56,3.48,28.5,271.67,178.73,-77.78,0.0,14.751874,-8.00621,-4.5394063,3033.0
43.0,-10.68,3.3,28.02,293.05,155.82,-69.73,0.0,10.346542,-15.725117,-2.3558946,3034.0
60.0,-11.76,0.36,26.82,224.37,-46.9,-78.55,0.0,13.0759325,-17.554287,-3.4045548,3036.0
46.0,-9.48,2.58,27.48,296.59,147.36,-78.8,0.0,1.3443443,-8.542512,-1.9776106,3038.0
30.0,-9.48,2.58,27.6,277.87,-11.56,-82.02,0.0,24.371777,-12.6461735,-2.135628,3039.0
30.0,-9.48,2.58,27.6,277.87,-11.56,-82.02,0.0,14.622587,-2.9831753,-6.50744,3039.0
45.0,-10.98,-0.42,27.0,243.94,-61.66,-26.17,0.0,17.577032,-4.232949,-0.24420857,3039.0
41.0,-10.98,0.3,27.06,8.53,157.06,-37.96,0.0,5.5725045,2.3702598,9.385271,3041.0
38.0,-11.46,-0.12,25.74,8.53,157.06,-37.96,0.0,7.4112515,2.9640217,7.5848308,3041.0
69.0,-14.94,-4.5,22.2,124.75,151.95,23.53,0.0,-0.80564886,3.0071173,9.56723,3041.0
131.0,-15.84,-6.6,16.44,111.82,155.37,22.4,0.0,-1.0833763,1.6711528,7.97748,3041.0
131.0,-15.84,-6.6,16.44,80.7,156.18,19.14,0.0,-3.0753522,1.5753847,9.548077,3041.0
136.0,-15.54,-6.42,13.74,94.57,163.5,20.67,0.0,-1.3132197,1.7860745,7.5321584,3041.0
120.0,-15.24,-6.6,10.8,181.81,170.41,13.55,0.0,-3.156755,1.6280571,9.514558,3041.0
118.0,-16.68,-9.96,4.08,181.35,170.42,14.92,0.0,-2.12246,1.661576,9.289502,3041.0
114.0,-16.86,-10.92,-2.28,192.24,169.86,13.24,0.0,-1.7106571,1.3838485,9.461885,3041.0
110.0,-16.68,-10.8,-8.04,197.6,170.13,12.78,0.0,-1.8064252,1.3599066,9.653421,3041.0
110.0,-17.46,-12.3,-11.16,198.37,170.15,12.81,0.0,-1.7441759,1.3694834,9.600749,3041.0
110.0,-17.46,-12.3,-11.16,197.18,169.97,12.72,0.0,-1.6484078,1.3120226,9.524135,3041.0
109.0,-17.16,-12.18,-16.56,197.57,169.61,12.77,0.0,-1.6436194,1.292869,9.586384,3041.0
109.0,-16.56,-11.52,-17.94,197.57,169.61,12.77,0.0,-1.8016368,1.3934253,9.696517,3041.0
109.0,-15.84,-10.8,-19.26,198.53,169.53,12.78,0.0,-1.7202339,1.4173675,9.481039,3041.0
108.0,-14.94,-9.48,-20.82,203.05,169.43,12.34,0.0,-1.4856021,1.4748282,8.959103,3041.0
109.0,-15.0,-9.12,-20.64,235.73,173.05,15.54,0.0,-0.79128367,-0.41180268,11.118672,3041.0
124.0,-15.06,-8.88,-20.4,247.8,176.05,20.02,0.0,-3.0131028,-0.36391866,9.643845,3041.0
129.0,-15.18,-8.58,-20.1,250.74,178.94,25.27,0.0,-3.726575,-1.2210429,11.683704,3041.0
129.0,-15.18,-8.58,-20.1,250.74,178.94,25.27,0.0,-4.047398,-0.18195933,7.1059904,3041.0
121.0,-15.36,-8.1,-19.62,250.82,-177.35,18.25,0.0,-1.2797008,-0.32561144,12.674904,3041.0
102.0,-15.42,-7.56,-18.9,248.66,-178.41,7.4,0.0,0.1376666,-0.6368576,9.878476,3041.0
96.0,-15.54,-7.62,-18.42,247.4,-179.6,0.44,0.0,0.31483752,-0.47884035,9.825804,3041.0
97.0,-15.66,-7.68,-18.12,244.88,-179.68,0.48,0.0,0.2861071,-0.45489833,9.89763,3041.0
96.0,-15.9,-7.98,-17.34,243.71,-179.72,0.4,0.0,0.33877954,-0.46447513,9.801862,3041.0
96.0,-16.14,-8.22,-16.32,242.65,-179.62,-0.13,0.0,0.32920274,-0.49320555,9.840169,3041.0
96.0,-16.5,-8.58,-15.36,242.17,-179.55,-0.47,0.0,0.33877954,-0.46447513,9.859323,3041.0
96.0,-16.68,-8.7,-14.88,242.17,-179.55,-0.47,0.0,0.31004912,-0.4405331,9.873688,3041.0
96.0,-17.04,-9.0,-13.92,241.31,-179.37,-1.39,0.0,0.2861071,-0.45489833,9.864111,3041.0
95.0,-17.28,-9.18,-13.44,241.04,-179.33,-1.72,0.0,0.32920274,-0.46926352,9.864111,3041.0
96.0,-17.46,-9.36,-12.9,241.04,-179.33,-1.72,0.0,0.32920274,-0.46926352,9.868899,3041.0
96.0,-17.7,-9.54,-12.36,240.52,-179.17,-2.66,0.0,0.31004912,-0.44532153,9.844957,3041.0
95.0,-18.18,-9.78,-11.4,240.17,-179.02,-3.6,0.0,0.3196259,-0.45010993,9.873688,3041.0
95.0,-18.3,-9.96,-10.8,239.45,-178.77,-5.0,0.0,0.32441434,-0.44532153,9.868899,3041.0
95.0,-18.36,-10.02,-10.5,239.05,-178.65,-5.69,0.0,0.29568392,-0.45010993,9.873688,3041.0
95.0,-18.36,-10.02,-10.5,239.05,-178.65,-5.69,0.0,0.32441434,-0.45968673,9.825804,3041.0
94.0,-18.42,-10.08,-10.38,238.61,-178.52,-6.44,0.0,0.17597382,-0.521936,9.883265,3041.0
97.0,-18.42,-10.08,-10.26,237.79,-178.29,-7.62,0.0,0.15203181,-0.5410896,9.801862,3041.0
95.0,-18.36,-10.14,-9.9,24.66,159.59,-21.43,0.0,-4.104859,-8.78672,7.177817,3041.0
50.0,-18.54,-8.88,-10.02,77.5,-120.51,-5.3,0.0,5.2804117,-15.710752,21.011515,3041.0
76.0,-18.6,-6.66,-9.3,98.59,-162.14,-27.22,0.0,1.5981296,-10.807426,1.2785037,3041.0
66.0,-18.84,-4.68,-8.82,98.59,-162.14,-27.22,0.0,-6.9491706,-11.046846,-4.711789,3041.0
67.0,-19.32,-4.62,-8.64,241.29,-177.67,-42.1,0.0,6.314707,-22.658726,17.597382,3041.0
52.0,-19.98,-4.8,-7.92,80.11,-81.32,7.97,0.0,4.289212,-2.1308396,10.812215,3041.0
52.0,-20.58,-3.78,-7.5,70.59,-99.56,0.41,0.0,6.099229,-11.702858,15.006856,3041.0
56.0,-20.76,-1.62,-6.12,70.59,-99.56,0.41,0.0,3.7960067,-22.256498,17.190369,3041.0
55.0,-21.6,1.56,-4.62,278.25,171.13,-47.94,0.0,12.649765,-27.667395,19.541473,3041.0
56.0,-22.8,1.38,-3.0,133.54,-77.54,10.71,0.0,8.412027,-3.9695864,10.357317,3041.0
57.0,-23.16,3.24,-1.86,77.34,-98.62,7.44,0.0,11.098322,-15.121778,14.269443,3041.0
47.0,-22.56,7.74,2.34,276.3,172.3,-74.29,0.0,-5.6227827,-17.056293,3.7828386,3041.0
57.0,-23.16,8.22,5.88,257.66,-144.79,-73.23,0.0,19.851522,-11.391612,14.767436,3041.0
66.0,-23.34,7.68,8.4,90.07,-101.79,9.72,0.0,11.605893,-2.3750482,6.5984197,3041.0
52.0,-21.48,7.92,12.0,270.19,177.17,-77.04,0.0,-14.701595,-12.071565,4.5394063,3048.0
44.0,-21.0,9.78,13.56,260.42,39.95,-88.87,0.0,5.8885393,-30.933086,6.129156,3048.0
51.0,-20.7,10.2,15.18,289.87,-166.6,-80.72,0.0,24.529793,-36.478058,9.346964,3049.0
51.0,-20.7,10.2,15.18,289.87,-166.6,-80.72,0.0,17.356766,-9.241618,10.726024,3049.0
60.0,-20.1,8.76,17.22,199.26,-106.24,5.77,0.0,10.011354,-3.6487634,6.3063273,3049.0
52.0,-18.9,8.4,19.02,159.93,-123.26,-15.88,0.0,2.9245174,-19.455282,5.841852,3050.0
109.0,-17.1,8.52,23.34,215.93,169.54,21.05,0.0,-2.7641058,-0.272939,8.532935,3051.0
110.0,-17.22,6.24,20.7,236.72,172.7,23.59,0.0,0.40581718,-1.3024458,9.337387,3051.0
103.0,-17.4,3.78,18.3,237.03,172.86,15.78,0.0,0.37229836,-0.6703765,10.582372,3051.0
99.0,-16.74,2.82,16.62,237.93,171.73,9.67,0.0,0.04189853,-0.20111294,9.682152,3051.0
99.0,-16.56,2.88,14.1,252.65,173.5,8.47,0.0,0.11851298,-0.22984336,9.89763,3051.0
99.0,-16.08,1.92,11.64,255.87,174.64,6.99,0.0,0.10414778,-0.23463176,9.89763,3051.0
102.0,-17.34,-5.1,4.38,248.13,177.11,3.94,0.0,0.11851298,-0.24420857,9.89763,3051.0
102.0,-16.98,-5.52,1.98,248.61,177.53,3.5,0.0,-0.12569559,-0.39264908,9.734824,3051.0
102.0,-16.92,-5.4,-0.6,247.62,177.77,3.31,0.0,0.027533319,-0.31603462,9.835381,3051.0
102.0,-16.92,-7.38,-2.7,243.81,178.04,3.05,0.0,0.08020575,-0.31124622,9.811439,3051.0
102.0,-17.7,-13.86,-9.48,233.49,178.59,2.26,0.0,0.09935937,-0.29688102,9.878476,3051.0
102.0,-17.7,-13.86,-9.48,233.49,178.59,2.26,0.0,0.089782566,-0.33039984,9.883265,3051.0
101.0,-17.7,-14.1,-12.0,232.18,178.75,2.14,0.0,0.08499416,-0.2633622,9.892841,3051.0
102.0,-17.1,-13.62,-13.14,231.86,178.8,1.99,0.0,0.075417355,-0.30645782,9.864111,3051.0
101.0,-17.28,-13.86,-12.54,231.82,178.93,1.93,0.0,0.11372458,-0.2825158,9.835381,3051.0
101.0,-17.34,-13.98,-11.88,231.76,179.07,1.8,0.0,0.10414778,-0.31603462,9.902418,3051.0
101.0,-17.34,-13.98,-11.7,231.76,179.07,1.8,0.0,0.089782566,-0.30645782,9.859323,3051.0
101.0,-17.28,-13.98,-11.28,231.62,179.04,1.84,0.0,0.075417355,-0.30166942,9.835381,3051.0
101.0,-17.28,-13.98,-11.22,231.59,179.06,1.86,0.0,0.108936176,-0.31603462,9.864111,3051.0
101.0,-17.22,-13.92,-11.16,231.5,179.0,1.67,0.0,0.10414778,-0.2873042,9.873688,3051.0
99.0,-17.22,-13.92,-11.1,231.49,178.99,1.66,0.0,0.094570965,-0.2873042,9.859323,3051.0
100.0,-17.22,-13.86,-10.98,231.56,179.05,1.67,0.0,0.12330139,-0.272939,9.864111,3051.0
100.0,-17.1,-13.8,-10.92,231.56,179.05,1.7,0.0,0.1328782,-0.32561144,9.868899,3051.0
101.0,-17.04,-13.74,-10.86,231.61,179.12,1.76,0.0,0.08499416,-0.31124622,9.854534,3051.0
101.0,-17.04,-13.74,-10.86,231.59,179.09,1.67,0.0,0.11851298,-0.29688102,9.878476,3051.0
101.0,-16.98,-13.68,-10.86,231.59,179.09,1.67,0.0,0.07062895,-0.30166942,9.868899,3051.0
101.0,-16.98,-13.68,-10.86,231.51,179.1,1.24,0.0,0.11372458,-0.30645782,9.854534,3051.0
101.0,-16.98,-13.68,-10.86,231.51,179.1,1.24,0.0,0.09935937,-0.2681506,9.878476,3051.0
100.0,-16.92,-13.68,-10.86,231.48,179.11,0.97,0.0,0.08499416,-0.29209262,9.844957,3051.0
101.0,-16.92,-13.68,-10.86,231.48,179.11,0.97,0.0,0.08020575,-0.29209262,9.849746,3051.0
101.0,-16.92,-13.68,-10.86,231.38,179.12,0.77,0.0,0.108936176,-0.2873042,9.878476,3051.0
101.0,-16.86,-13.68,-10.86,231.38,179.12,0.77,0.0,0.08499416,-0.33997664,9.868899,3051.0
101.0,-16.86,-13.62,-10.86,231.3,179.12,0.3,0.0,0.08020575,-0.29688102,9.840169,3051.0
101.0,-16.8,-13.68,-10.86,231.58,179.14,-0.77,0.0,0.07062895,-0.30166942,9.868899,3051.0
101.0,-16.8,-13.68,-10.8,231.32,179.17,-1.44,0.0,0.11372458,-0.2873042,9.849746,3051.0
102.0,-16.8,-13.68,-10.8,231.05,179.19,-2.42,0.0,0.08499416,-0.24899697,9.811439,3051.0
102.0,-16.8,-13.74,-10.74,230.43,179.21,-4.55,0.0,-0.010773907,-0.29688102,9.600749,3051.0
77.0,-16.86,-13.86,-10.68,233.86,178.93,-1.86,0.0,-3.204639,-19.211075,2.0829554,3051.0
67.0,-17.46,-13.8,-9.78,98.79,-111.13,18.44,0.0,5.1223946,4.2999864,3.7253778,3051.0
70.0,-17.16,-11.22,-7.92,73.64,-126.06,32.08,0.0,19.38226,-21.370644,12.382812,3051.0
70.0,-17.16,-11.22,-7.92,42.81,-109.71,3.59,0.0,23.457191,-39.2266,6.3206925,3051.0
49.0,-14.76,-6.0,-3.78,110.04,-170.87,-68.14,0.0,-9.003395,-13.929465,1.067814,3051.0
54.0,-15.3,-5.82,-2.04,215.72,-173.55,-77.94,0.0,30.5967,-30.329746,12.5504055,3051.0
66.0,-15.66,-5.1,1.92,58.58,-118.6,27.37,0.0,20.40219,-12.26789,7.7332716,3051.0
60.0,-14.46,-2.58,4.5,58.58,-118.6,27.37,0.0,27.024551,-38.54186,7.8290396,3051.0
60.0,-14.46,-2.58,4.5,115.15,-108.32,2.71,0.0,8.435969,-31.953016,7.6614456,3051.0
48.0,-13.62,1.8,8.82,254.3,178.8,-80.75,0.0,32.694023,-39.2266,8.39886,3051.0
68.0,-13.68,1.32,13.5,141.19,-104.75,8.39,0.0,10.571598,2.7150247,6.397307,3051.0
66.0,-13.44,3.72,15.66,126.85,-121.48,31.41,0.0,18.18516,-14.944607,9.907207,3051.0
47.0,-11.34,8.46,21.0,296.28,137.88,-71.85,0.0,-3.6355953,-18.952501,4.477157,3051.0
45.0,-11.94,5.88,26.34,116.76,-124.97,22.27,0.0,6.113594,-29.96104,6.742072,3051.0
45.0,-11.94,5.88,26.34,315.57,146.33,-57.87,0.0,-17.617733,-13.383588,7.4746976,3051.0
45.0,-11.28,8.04,26.64,312.01,148.5,-50.98,0.0,15.848418,-39.2266,6.5265937,3051.0
47.0,-11.34,8.76,26.82,208.75,-159.19,-28.11,0.0,13.080721,-4.31914,13.613431,3058.0
43.0,-12.12,6.42,27.72,314.83,146.34,-49.98,0.0,-14.337677,-13.488933,4.1802764,3059.0
51.0,-15.78,8.64,23.28,329.18,-178.08,-38.93,0.0,16.518795,-9.945514,15.452178,3060.0
51.0,-15.78,8.64,23.28,329.18,-178.08,-38.93,0.0,5.1846437,1.8339585,8.049306,3060.0
63.0,-16.32,6.54,23.34,174.11,-127.24,14.85,0.0,15.570691,-8.00621,7.0341644,3060.0
42.0,-17.76,9.6,22.68,39.66,159.41,-30.81,0.0,25.544935,-29.017725,14.700398,3062.0
50.0,-17.04,8.1,22.98,165.8,-160.79,-2.29,0.0,7.4016747,-1.3311762,6.9479733,3062.0
56.0,-18.36,7.14,22.02,165.8,-160.79,-2.29,0.0,12.367249,-7.019799,6.325481,3062.0
50.0,-19.86,7.5,20.88,14.84,162.25,-41.16,0.0,9.1829605,-19.76653,8.269572,3063.0
51.0,-20.52,8.82,19.8,5.01,135.17,-4.39,0.0,7.133524,3.466804,6.445191,3063.0
93.0,-21.24,5.88,18.66,157.79,141.9,29.61,0.0,1.7082629,1.7477672,8.8777,3064.0
118.0,-22.08,2.94,16.32,151.05,145.11,27.08,0.0,-0.05865794,2.1308396,10.6158905,3064.0
118.0,-22.08,2.94,16.32,151.05,145.11,27.08,0.0,1.1049241,2.1404164,9.284714,3064.0
115.0,-22.68,-2.1,11.46,98.74,148.99,16.24,0.0,0.24779987,2.801216,9.074024,3064.0
109.0,-23.28,-2.4,8.76,87.77,149.98,12.27,0.0,-0.48482585,3.466804,8.322245,3064.0
101.0,-24.66,-9.0,0.54,87.9,150.01,10.74,0.0,-0.36511576,3.821146,8.058883,3064.0
108.0,-24.72,-12.96,-4.38,85.29,154.53,6.7,0.0,0.20470424,3.1555579,9.9790325,3064.0
111.0,-25.14,-13.08,-7.14,75.63,160.14,2.47,0.0,0.29568392,2.4277205,10.481815,3064.0
123.0,-24.66,-21.3,-13.2,67.0,160.62,4.4,0.0,-0.14963761,3.0502129,9.323022,3064.0
112.0,-24.06,-23.04,-15.24,70.63,155.61,6.59,0.0,-0.8726865,4.3239284,8.015787,3064.0
104.0,-23.34,-22.44,-20.28,84.54,149.19,10.37,0.0,-1.5191209,4.7788267,8.537724,3064.0
104.0,-23.1,-22.38,-20.64,91.63,149.24,12.0,0.0,-1.4999673,4.309563,9.184157,3064.0
